2021/06/11 13:49:14 [INFO] Terraform version: 0.14.7  
2021/06/11 13:49:14 [INFO] Go runtime version: go1.15.6
2021/06/11 13:49:14 [INFO] CLI args: []string{"/usr/local/bin/terraform", "fmt", "-no-color", "-"}
2021/06/11 13:49:14 [DEBUG] Attempting to open CLI config file: /Users/ygvkn/.terraformrc
2021/06/11 13:49:14 [DEBUG] File doesn't exist, but doesn't need to. Ignoring.
2021/06/11 13:49:14 [DEBUG] ignoring non-existing provider search directory terraform.d/plugins
2021/06/11 13:49:14 [DEBUG] ignoring non-existing provider search directory /Users/ygvkn/.terraform.d/plugins
2021/06/11 13:49:14 [DEBUG] ignoring non-existing provider search directory /Users/ygvkn/Library/Application Support/io.terraform/plugins
2021/06/11 13:49:14 [DEBUG] ignoring non-existing provider search directory /Library/Application Support/io.terraform/plugins
2021/06/11 13:49:14 [INFO] CLI command args: []string{"fmt", "-no-color", "-"}
2021/06/11 13:49:14 [TRACE] terraform fmt: Formatting <stdin>
2021/06/11 13:49:22 [INFO] Terraform version: 0.14.7  
2021/06/11 13:49:22 [INFO] Go runtime version: go1.15.6
2021/06/11 13:49:22 [INFO] CLI args: []string{"/usr/local/bin/terraform", "fmt", "-no-color", "-"}
2021/06/11 13:49:22 [DEBUG] Attempting to open CLI config file: /Users/ygvkn/.terraformrc
2021/06/11 13:49:22 [DEBUG] File doesn't exist, but doesn't need to. Ignoring.
2021/06/11 13:49:22 [DEBUG] ignoring non-existing provider search directory terraform.d/plugins
2021/06/11 13:49:22 [DEBUG] ignoring non-existing provider search directory /Users/ygvkn/.terraform.d/plugins
2021/06/11 13:49:22 [DEBUG] ignoring non-existing provider search directory /Users/ygvkn/Library/Application Support/io.terraform/plugins
2021/06/11 13:49:22 [DEBUG] ignoring non-existing provider search directory /Library/Application Support/io.terraform/plugins
2021/06/11 13:49:22 [INFO] CLI command args: []string{"fmt", "-no-color", "-"}
2021/06/11 13:49:22 [TRACE] terraform fmt: Formatting <stdin>
